This file contains any messages produced by compilers while
running configure, to aid debugging if configure makes a mistake.

It was created by configure, which was
generated by GNU Autoconf 2.63.  Invocation command line was

  $ ../src/configure 

## --------- ##
## Platform. ##
## --------- ##

hostname = Pubsi
uname -m = i686
uname -r = 1.0.17(0.48/3/2)
uname -s = MINGW32_NT-5.1
uname -v = 2011-04-24 23:39

/usr/bin/uname -p = unknown
/bin/uname -X     = unknown

/bin/arch              = unknown
/usr/bin/arch -k       = unknown
/usr/convex/getsysinfo = unknown
/usr/bin/hostinfo      = unknown
/bin/machine           = unknown
/usr/bin/oslevel       = unknown
/bin/universe          = unknown

PATH: .
PATH: /usr/local/bin
PATH: /mingw/bin
PATH: /bin
PATH: /c/Program Files/Autodesk/Maya2008/bin
PATH: /c/Program Files/ActiveState Komodo IDE 6/
PATH: /c/Program Files/AMD APP/bin/x86
PATH: /d/Qt4/bin
PATH: %SystemRoot%/system32
PATH: %SystemRoot%
PATH: %SystemRoot%/System32/Wbem
PATH: /c/WINDOWS/system32/WindowsPowerShell/v1.0
PATH: /d/boost/boost-svn
PATH: /c/Program Files/Microsoft SQL Server/100/Tools/Binn/
PATH: /c/Program Files/Microsoft SQL Server/100/DTS/Binn/
PATH: /c/Program Files/Microsoft SQL Server/100/Tools/Binn/VSShell/Common7/IDE/
PATH: /c/Program Files/Common Files/Adobe/AGL
PATH: /c/Program Files/doxygen/bin
PATH: /c/Program Files/Graphviz 2.28/bin
PATH: /c/Program Files/CMake-2.8.5/bin
PATH: /c/Program Files/TortoiseGit/bin
PATH: /c/Program Files/3Delight/bin
PATH: /c/Program Files/QuickTime/QTSystem/
PATH: /c/Program Files/Visual Leak Detector/bin/Win32
PATH: /c/Program Files/TortoiseHg/
PATH: /c/Program Files/TortoiseSVN/bin
PATH: /c/Program Files/MSysGit-1.7.7.1/bin
PATH: /d/Ultimate SSDK v2/Source Engine 2009/bin
PATH: /c/NuGet/bin
PATH: .


## ----------- ##
## Core tests. ##
## ----------- ##

configure:2066: checking build system type
configure:2084: result: i686-pc-mingw32
configure:2106: checking host system type
configure:2121: result: i686-pc-mingw32
configure:2160: checking for a BSD-compatible install
configure:2228: result: /bin/install -c
configure:2239: checking whether build environment is sane
configure:2299: result: yes
configure:2440: checking for a thread-safe mkdir -p
configure:2479: result: /bin/mkdir -p
configure:2492: checking for gawk
configure:2508: found /bin/gawk
configure:2519: result: gawk
configure:2530: checking whether make sets $(MAKE)
configure:2552: result: yes
configure:2753: checking for style of include used by make
configure:2781: result: GNU
configure:2851: checking for gcc
configure:2867: found /mingw/bin/gcc
configure:2878: result: gcc
configure:3110: checking for C compiler version
configure:3118: gcc --version >&5
gcc.exe (pcx32) 4.5.4 20110624 (prerelease)
Copyright (C) 2010 Free Software Foundation, Inc.
This is free software; see the source for copying conditions.  There is NO
warranty; not even for MERCHANTABILITY or FITNESS FOR A PARTICULAR PURPOSE.

configure:3122: $? = 0
configure:3129: gcc -v >&5
Using built-in specs.
COLLECT_GCC=C:\MinGW\bin\gcc.exe
COLLECT_LTO_WRAPPER=c:/mingw/bin/../libexec/gcc/i686-pc-mingw32/4.5.4/lto-wrapper.exe
Target: i686-pc-mingw32
Configured with: ../gcc/configure --prefix=/mingw --build=i686-pc-mingw32 --host=i686-pc-mingw32 --target=i686-pc-mingw32 --enable-languages=c,c++,fortran --enable-libgomp --with-arch=i686 --with-tune=generic --disable-werror --enable-threads=win32 --disable-nls --disable-win32-registry --disable-sjlj-exceptions --with-dwarf2 --enable-lto --enable-fully-dynamic-string --with-system-zlib --with-host-libstdcxx=-lstdc++ --enable-libstdcxx-debug --enable-cxx-flags='-fno-function-sections -fno-data-sections' --disable-libstdcxx-pch --disable-symvers --enable-version-specific-runtime-libs --disable-bootstrap --enable-checking=release --enable-static --enable-shared --with-pkgversion=pcx32 --with-gmp=/usr --with-mpfr=/usr --with-mpc=/usr
Thread model: win32
gcc version 4.5.4 20110624 (prerelease) (pcx32) 
configure:3133: $? = 0
configure:3140: gcc -V >&5
gcc.exe: '-V' option must have argument
configure:3144: $? = 1
configure:3167: checking for C compiler default output file name
configure:3189: gcc    conftest.c  >&5
configure:3193: $? = 0
configure:3231: result: a.exe
configure:3250: checking whether the C compiler works
configure:3260: ./a.exe
configure:3264: $? = 0
configure:3283: result: yes
configure:3290: checking whether we are cross compiling
configure:3292: result: no
configure:3295: checking for suffix of executables
configure:3302: gcc -o conftest.exe    conftest.c  >&5
configure:3306: $? = 0
configure:3332: result: .exe
configure:3338: checking for suffix of object files
configure:3364: gcc -c   conftest.c >&5
configure:3368: $? = 0
configure:3393: result: o
configure:3397: checking whether we are using the GNU C compiler
configure:3426: gcc -c   conftest.c >&5
configure:3433: $? = 0
configure:3450: result: yes
configure:3459: checking whether gcc accepts -g
configure:3489: gcc -c -g  conftest.c >&5
configure:3496: $? = 0
configure:3597: result: yes
configure:3614: checking for gcc option to accept ISO C89
configure:3688: gcc  -c -g -O2  conftest.c >&5
configure:3695: $? = 0
configure:3718: result: none needed
configure:3738: checking dependency style of gcc
configure:3848: result: gcc3
configure:3863: checking for a sed that does not truncate output
configure:3919: result: /bin/sed
configure:3922: checking for grep that handles long lines and -e
configure:3982: result: /bin/grep
configure:3987: checking for egrep
configure:4051: result: /bin/grep -E
configure:4067: checking for ld used by gcc
configure:4134: result: /mingw/bin/ld
configure:4143: checking if the linker (/mingw/bin/ld) is GNU ld
configure:4158: result: yes
configure:4163: checking for /mingw/bin/ld option to reload object files
configure:4170: result: -r
configure:4188: checking for BSD-compatible nm
configure:4237: result: /mingw/bin/nm
configure:4241: checking whether ln -s works
configure:4248: result: no, using cp -p
configure:4252: checking how to recognize dependent libraries
configure:4438: result: file_magic ^x86 archive import|^x86 DLL
configure:4720: checking for dlltool
configure:4736: found /mingw/bin/dlltool
configure:4747: result: dlltool
configure:4812: checking for as
configure:4828: found /mingw/bin/as
configure:4839: result: as
configure:4904: checking for objdump
configure:4920: found /mingw/bin/objdump
configure:4931: result: objdump
configure:4965: checking how to run the C preprocessor
configure:5005: gcc -E  conftest.c
configure:5012: $? = 0
configure:5043: gcc -E  conftest.c
conftest.c:12:28: fatal error: ac_nonexistent.h: No such file or directory
compilation terminated.
configure:5050: $? = 1
configure: failed program was:
| /* confdefs.h.  */
| #define PACKAGE_NAME ""
| #define PACKAGE_TARNAME ""
| #define PACKAGE_VERSION ""
| #define PACKAGE_STRING ""
| #define PACKAGE_BUGREPORT ""
| #define PACKAGE "acme"
| #define VERSION "0.94"
| #define ACME_API "1:94:1"
| #define ACME_RELEASE "0.94.1"
| /* end confdefs.h.  */
| #include <ac_nonexistent.h>
configure:5083: result: gcc -E
configure:5112: gcc -E  conftest.c
configure:5119: $? = 0
configure:5150: gcc -E  conftest.c
conftest.c:12:28: fatal error: ac_nonexistent.h: No such file or directory
compilation terminated.
configure:5157: $? = 1
configure: failed program was:
| /* confdefs.h.  */
| #define PACKAGE_NAME ""
| #define PACKAGE_TARNAME ""
| #define PACKAGE_VERSION ""
| #define PACKAGE_STRING ""
| #define PACKAGE_BUGREPORT ""
| #define PACKAGE "acme"
| #define VERSION "0.94"
| #define ACME_API "1:94:1"
| #define ACME_RELEASE "0.94.1"
| /* end confdefs.h.  */
| #include <ac_nonexistent.h>
configure:5197: checking for ANSI C header files
configure:5227: gcc -c -g -O2  conftest.c >&5
configure:5234: $? = 0
configure:5333: gcc -o conftest.exe -g -O2   conftest.c  >&5
configure:5337: $? = 0
configure:5343: ./conftest.exe
configure:5347: $? = 0
configure:5365: result: yes
configure:5389: checking for sys/types.h
configure:5410: gcc -c -g -O2  conftest.c >&5
configure:5417: $? = 0
configure:5434: result: yes
configure:5389: checking for sys/stat.h
configure:5410: gcc -c -g -O2  conftest.c >&5
configure:5417: $? = 0
configure:5434: result: yes
configure:5389: checking for stdlib.h
configure:5410: gcc -c -g -O2  conftest.c >&5
configure:5417: $? = 0
configure:5434: result: yes
configure:5389: checking for string.h
configure:5410: gcc -c -g -O2  conftest.c >&5
configure:5417: $? = 0
configure:5434: result: yes
configure:5389: checking for memory.h
configure:5410: gcc -c -g -O2  conftest.c >&5
configure:5417: $? = 0
configure:5434: result: yes
configure:5389: checking for strings.h
configure:5410: gcc -c -g -O2  conftest.c >&5
configure:5417: $? = 0
configure:5434: result: yes
configure:5389: checking for inttypes.h
configure:5410: gcc -c -g -O2  conftest.c >&5
configure:5417: $? = 0
configure:5434: result: yes
configure:5389: checking for stdint.h
configure:5410: gcc -c -g -O2  conftest.c >&5
configure:5417: $? = 0
configure:5434: result: yes
configure:5389: checking for unistd.h
configure:5410: gcc -c -g -O2  conftest.c >&5
configure:5417: $? = 0
configure:5434: result: yes
configure:5464: checking dlfcn.h usability
configure:5481: gcc -c -g -O2  conftest.c >&5
conftest.c:55:19: fatal error: dlfcn.h: No such file or directory
compilation terminated.
configure:5488: $? = 1
configure: failed program was:
| /* confdefs.h.  */
| #define PACKAGE_NAME ""
| #define PACKAGE_TARNAME ""
| #define PACKAGE_VERSION ""
| #define PACKAGE_STRING ""
| #define PACKAGE_BUGREPORT ""
| #define PACKAGE "acme"
| #define VERSION "0.94"
| #define ACME_API "1:94:1"
| #define ACME_RELEASE "0.94.1"
| #define STDC_HEADERS 1
| #define HAVE_SYS_TYPES_H 1
| #define HAVE_SYS_STAT_H 1
| #define HAVE_STDLIB_H 1
| #define HAVE_STRING_H 1
| #define HAVE_MEMORY_H 1
| #define HAVE_STRINGS_H 1
| #define HAVE_INTTYPES_H 1
| #define HAVE_STDINT_H 1
| #define HAVE_UNISTD_H 1
| /* end confdefs.h.  */
| #include <stdio.h>
| #ifdef HAVE_SYS_TYPES_H
| # include <sys/types.h>
| #endif
| #ifdef HAVE_SYS_STAT_H
| # include <sys/stat.h>
| #endif
| #ifdef STDC_HEADERS
| # include <stdlib.h>
| # include <stddef.h>
| #else
| # ifdef HAVE_STDLIB_H
| #  include <stdlib.h>
| # endif
| #endif
| #ifdef HAVE_STRING_H
| # if !defined STDC_HEADERS && defined HAVE_MEMORY_H
| #  include <memory.h>
| # endif
| # include <string.h>
| #endif
| #ifdef HAVE_STRINGS_H
| # include <strings.h>
| #endif
| #ifdef HAVE_INTTYPES_H
| # include <inttypes.h>
| #endif
| #ifdef HAVE_STDINT_H
| # include <stdint.h>
| #endif
| #ifdef HAVE_UNISTD_H
| # include <unistd.h>
| #endif
| #include <dlfcn.h>
configure:5502: result: no
configure:5506: checking dlfcn.h presence
configure:5521: gcc -E  conftest.c
conftest.c:22:19: fatal error: dlfcn.h: No such file or directory
compilation terminated.
configure:5528: $? = 1
configure: failed program was:
| /* confdefs.h.  */
| #define PACKAGE_NAME ""
| #define PACKAGE_TARNAME ""
| #define PACKAGE_VERSION ""
| #define PACKAGE_STRING ""
| #define PACKAGE_BUGREPORT ""
| #define PACKAGE "acme"
| #define VERSION "0.94"
| #define ACME_API "1:94:1"
| #define ACME_RELEASE "0.94.1"
| #define STDC_HEADERS 1
| #define HAVE_SYS_TYPES_H 1
| #define HAVE_SYS_STAT_H 1
| #define HAVE_STDLIB_H 1
| #define HAVE_STRING_H 1
| #define HAVE_MEMORY_H 1
| #define HAVE_STRINGS_H 1
| #define HAVE_INTTYPES_H 1
| #define HAVE_STDINT_H 1
| #define HAVE_UNISTD_H 1
| /* end confdefs.h.  */
| #include <dlfcn.h>
configure:5542: result: no
configure:5570: checking for dlfcn.h
configure:5579: result: no
configure:5597: checking the maximum length of command line arguments
configure:5709: result: 8192
configure:5721: checking command to parse /mingw/bin/nm output from gcc object
configure:5826: gcc -c -g -O2  conftest.c >&5
configure:5829: $? = 0
configure:5833: /mingw/bin/nm conftest.o \| sed -n -e 's/^.*[ 	]\([ABCDGIRSTW][ABCDGIRSTW]*\)[ 	][ 	]*\([_A-Za-z][_A-Za-z0-9]*\)\{0,1\}$/\1 \2 \2/p' \> conftest.nm
configure:5836: $? = 0
cannot find nm_test_var in conftest.nm
configure:5826: gcc -c -g -O2  conftest.c >&5
configure:5829: $? = 0
configure:5833: /mingw/bin/nm conftest.o \| sed -n -e 's/^.*[ 	]\([ABCDGIRSTW][ABCDGIRSTW]*\)[ 	][ 	]*_\([_A-Za-z][_A-Za-z0-9]*\)\{0,1\}$/\1 _\2 \2/p' \> conftest.nm
configure:5836: $? = 0
configure:5888: gcc -o conftest.exe -g -O2   conftest.c conftstm.o >&5
configure:5891: $? = 0
configure:5929: result: ok
configure:5933: checking for objdir
configure:5948: result: .libs
configure:6040: checking for ar
configure:6056: found /mingw/bin/ar
configure:6067: result: ar
configure:6132: checking for ranlib
configure:6148: found /mingw/bin/ranlib
configure:6159: result: ranlib
configure:6224: checking for strip
configure:6240: found /mingw/bin/strip
configure:6251: result: strip
configure:6841: checking if gcc supports -fno-rtti -fno-exceptions
configure:6859: gcc -c -g -O2  -fno-rtti -fno-exceptions conftest.c >&5
cc1.exe: warning: command line option "-fno-rtti" is valid for C++/ObjC++ but not for C
configure:6863: $? = 0
configure:6876: result: no
configure:6891: checking for gcc option to produce PIC
configure:7123: result: -DDLL_EXPORT
configure:7131: checking if gcc PIC flag -DDLL_EXPORT works
configure:7149: gcc -c -g -O2  -DDLL_EXPORT -DPIC conftest.c >&5
configure:7153: $? = 0
configure:7166: result: yes
configure:7194: checking if gcc static flag -static works
configure:7222: result: yes
configure:7232: checking if gcc supports -c -o file.o
configure:7253: gcc -c -g -O2  -o out/conftest2.o conftest.c >&5
configure:7257: $? = 0
configure:7279: result: yes
configure:7305: checking whether the gcc linker (/mingw/bin/ld) supports shared libraries
configure:8275: result: yes
configure:8296: checking whether -lc should be explicitly linked in
configure:8301: gcc -c -g -O2  conftest.c >&5
configure:8304: $? = 0
configure:8319: gcc -shared conftest.o  -v -o ./conftest -Wl,--enable-auto-image-base -Xlinker --out-implib -Xlinker conftest 2\>\&1 \| grep  -lc  \>/dev/null 2\>\&1
configure:8322: $? = 1
configure:8334: result: yes
configure:8342: checking dynamic linker characteristics
configure:8944: result: Win32 ld.exe
configure:8960: checking how to hardcode library paths into programs
configure:8985: result: immediate
configure:8999: checking whether stripping libraries is possible
configure:9004: result: yes
configure:9834: checking if libtool supports shared libraries
configure:9836: result: yes
configure:9839: checking whether to build shared libraries
configure:9860: result: yes
configure:9863: checking whether to build static libraries
configure:9867: result: yes
configure:9961: creating libtool
configure:13617: checking for gcc
configure:13644: result: gcc
configure:13876: checking for C compiler version
configure:13884: gcc --version >&5
gcc.exe (pcx32) 4.5.4 20110624 (prerelease)
Copyright (C) 2010 Free Software Foundation, Inc.
This is free software; see the source for copying conditions.  There is NO
warranty; not even for MERCHANTABILITY or FITNESS FOR A PARTICULAR PURPOSE.

configure:13888: $? = 0
configure:13895: gcc -v >&5
Using built-in specs.
COLLECT_GCC=C:\MinGW\bin\gcc.exe
COLLECT_LTO_WRAPPER=c:/mingw/bin/../libexec/gcc/i686-pc-mingw32/4.5.4/lto-wrapper.exe
Target: i686-pc-mingw32
Configured with: ../gcc/configure --prefix=/mingw --build=i686-pc-mingw32 --host=i686-pc-mingw32 --target=i686-pc-mingw32 --enable-languages=c,c++,fortran --enable-libgomp --with-arch=i686 --with-tune=generic --disable-werror --enable-threads=win32 --disable-nls --disable-win32-registry --disable-sjlj-exceptions --with-dwarf2 --enable-lto --enable-fully-dynamic-string --with-system-zlib --with-host-libstdcxx=-lstdc++ --enable-libstdcxx-debug --enable-cxx-flags='-fno-function-sections -fno-data-sections' --disable-libstdcxx-pch --disable-symvers --enable-version-specific-runtime-libs --disable-bootstrap --enable-checking=release --enable-static --enable-shared --with-pkgversion=pcx32 --with-gmp=/usr --with-mpfr=/usr --with-mpc=/usr
Thread model: win32
gcc version 4.5.4 20110624 (prerelease) (pcx32) 
configure:13899: $? = 0
configure:13906: gcc -V >&5
gcc.exe: '-V' option must have argument
configure:13910: $? = 1
configure:13913: checking whether we are using the GNU C compiler
configure:13966: result: yes
configure:13975: checking whether gcc accepts -g
configure:14113: result: yes
configure:14130: checking for gcc option to accept ISO C89
configure:14234: result: none needed
configure:14254: checking dependency style of gcc
configure:14364: result: gcc3
configure:14394: checking for a BSD-compatible install
configure:14462: result: /bin/install -c
configure:14473: checking whether make sets $(MAKE)
configure:14495: result: yes
configure:14505: checking whether gcc and cc understand -c and -o together
configure:14540: gcc -c conftest.c -o conftest2.o >&5
configure:14544: $? = 0
configure:14550: gcc -c conftest.c -o conftest2.o >&5
configure:14554: $? = 0
configure:14565: cc -c conftest.c >&5
../src/configure: line 14567: cc: command not found
configure:14569: $? = 127
configure:14609: result: yes
configure:14646: checking for windres
configure:14662: found /mingw/bin/windres
configure:14673: result: windres
configure:14783: checking for fopen_s
configure:14839: gcc -o conftest.exe -g -O2   conftest.c  >&5
C:\DOCUME~1\root\LOCALS~1\Temp\ccWCBLAj.o: In function `main':
d:\E\Projects\C++\acm3\ACME\trunk\ACMEWithTweaks\msysbuild/conftest.c:56: undefined reference to `fopen_s'
collect2: ld returned 1 exit status
configure:14846: $? = 1
configure: failed program was:
| /* confdefs.h.  */
| #define PACKAGE_NAME ""
| #define PACKAGE_TARNAME ""
| #define PACKAGE_VERSION ""
| #define PACKAGE_STRING ""
| #define PACKAGE_BUGREPORT ""
| #define PACKAGE "acme"
| #define VERSION "0.94"
| #define ACME_API "1:94:1"
| #define ACME_RELEASE "0.94.1"
| #define STDC_HEADERS 1
| #define HAVE_SYS_TYPES_H 1
| #define HAVE_SYS_STAT_H 1
| #define HAVE_STDLIB_H 1
| #define HAVE_STRING_H 1
| #define HAVE_MEMORY_H 1
| #define HAVE_STRINGS_H 1
| #define HAVE_INTTYPES_H 1
| #define HAVE_STDINT_H 1
| #define HAVE_UNISTD_H 1
| /* end confdefs.h.  */
| /* Define fopen_s to an innocuous variant, in case <limits.h> declares fopen_s.
|    For example, HP-UX 11i <limits.h> declares gettimeofday.  */
| #define fopen_s innocuous_fopen_s
| 
| /* System header to define __stub macros and hopefully few prototypes,
|     which can conflict with char fopen_s (); below.
|     Prefer <limits.h> to <assert.h> if __STDC__ is defined, since
|     <limits.h> exists even on freestanding compilers.  */
| 
| #ifdef __STDC__
| # include <limits.h>
| #else
| # include <assert.h>
| #endif
| 
| #undef fopen_s
| 
| /* Override any GCC internal prototype to avoid an error.
|    Use char because int might match the return type of a GCC
|    builtin and then its argument prototype would still apply.  */
| #ifdef __cplusplus
| extern "C"
| #endif
| char fopen_s ();
| /* The GNU C library defines this for functions which it implements
|     to always fail with ENOSYS.  Some functions are actually named
|     something starting with __ and the normal name is an alias.  */
| #if defined __stub_fopen_s || defined __stub___fopen_s
| choke me
| #endif
| 
| int
| main ()
| {
| return fopen_s ();
|   ;
|   return 0;
| }
configure:14868: result: no
configure:14783: checking for fopen
configure:14839: gcc -o conftest.exe -g -O2   conftest.c  >&5
configure:14846: $? = 0
configure:14868: result: yes
configure:14881: checking for cos in -lm
configure:14916: gcc -o conftest.exe -g -O2   conftest.c -lm   >&5
conftest.c:30:6: warning: conflicting types for built-in function 'cos'
configure:14923: $? = 0
configure:14944: result: yes
configure:15124: creating ./config.status

## ---------------------- ##
## Running config.status. ##
## ---------------------- ##

This file was extended by config.status, which was
generated by GNU Autoconf 2.63.  Invocation command line was

  CONFIG_FILES    = 
  CONFIG_HEADERS  = 
  CONFIG_LINKS    = 
  CONFIG_COMMANDS = 
  $ ./config.status 

on Pubsi

config.status:808: creating Makefile
config.status:808: creating sysconfig.h
config.status:1023: sysconfig.h is unchanged
config.status:1075: executing depfiles commands
configure:16491: result:
  Options detected/selected
  -------------------------.
  ACME Version............ : 0.94
  ACME API Version........ : 1:94:1
  ACME Release Version.... : 0.94.1
  Build for host.......... : i686-pc-mingw32
  Extra Warnings.......... : 
  Extra Debug Compile..... : no
  CPPFLAGS................ : 
  CFLAGS.................. : -g -O2

  Experimental Shared Build
  -------------------------.
  Use and link libacme.... : no



## ---------------- ##
## Cache variables. ##
## ---------------- ##

ac_cv_build=i686-pc-mingw32
ac_cv_c_compiler_gnu=yes
ac_cv_env_CC_set=
ac_cv_env_CC_value=
ac_cv_env_CFLAGS_set=
ac_cv_env_CFLAGS_value=
ac_cv_env_CPPFLAGS_set=
ac_cv_env_CPPFLAGS_value=
ac_cv_env_CPP_set=
ac_cv_env_CPP_value=
ac_cv_env_LDFLAGS_set=
ac_cv_env_LDFLAGS_value=
ac_cv_env_LIBS_set=
ac_cv_env_LIBS_value=
ac_cv_env_build_alias_set=
ac_cv_env_build_alias_value=
ac_cv_env_host_alias_set=
ac_cv_env_host_alias_value=
ac_cv_env_target_alias_set=
ac_cv_env_target_alias_value=
ac_cv_exeext=.exe
ac_cv_func_fopen=yes
ac_cv_func_fopen_s=no
ac_cv_header_dlfcn_h=no
ac_cv_header_inttypes_h=yes
ac_cv_header_memory_h=yes
ac_cv_header_stdc=yes
ac_cv_header_stdint_h=yes
ac_cv_header_stdlib_h=yes
ac_cv_header_string_h=yes
ac_cv_header_strings_h=yes
ac_cv_header_sys_stat_h=yes
ac_cv_header_sys_types_h=yes
ac_cv_header_unistd_h=yes
ac_cv_host=i686-pc-mingw32
ac_cv_lib_m_cos=yes
ac_cv_objext=o
ac_cv_path_EGREP='/bin/grep -E'
ac_cv_path_GREP=/bin/grep
ac_cv_path_install='/bin/install -c'
ac_cv_path_mkdir=/bin/mkdir
ac_cv_prog_AWK=gawk
ac_cv_prog_CPP='gcc -E'
ac_cv_prog_WINDRES=windres
ac_cv_prog_ac_ct_AR=ar
ac_cv_prog_ac_ct_AS=as
ac_cv_prog_ac_ct_CC=gcc
ac_cv_prog_ac_ct_DLLTOOL=dlltool
ac_cv_prog_ac_ct_OBJDUMP=objdump
ac_cv_prog_ac_ct_RANLIB=ranlib
ac_cv_prog_ac_ct_STRIP=strip
ac_cv_prog_cc_c89=
ac_cv_prog_cc_g=yes
ac_cv_prog_cc_gcc_c_o=yes
ac_cv_prog_make_make_set=yes
am_cv_CC_dependencies_compiler_type=gcc3
lt_cv_deplibs_check_method='file_magic ^x86 archive import|^x86 DLL'
lt_cv_file_magic_cmd=func_win32_libid
lt_cv_file_magic_test_file=
lt_cv_ld_reload_flag=-r
lt_cv_objdir=.libs
lt_cv_path_LD=/mingw/bin/ld
lt_cv_path_NM=/mingw/bin/nm
lt_cv_path_SED=/bin/sed
lt_cv_prog_compiler_c_o=yes
lt_cv_prog_compiler_pic_works=yes
lt_cv_prog_compiler_rtti_exceptions=no
lt_cv_prog_compiler_static_works=yes
lt_cv_prog_gnu_ld=yes
lt_cv_sys_global_symbol_pipe='sed -n -e '\''s/^.*[ 	]\([ABCDGIRSTW][ABCDGIRSTW]*\)[ 	][ 	]*_\([_A-Za-z][_A-Za-z0-9]*\)\{0,1\}$/\1 _\2 \2/p'\'''
lt_cv_sys_global_symbol_to_c_name_address='sed -n -e '\''s/^: \([^ ]*\) $/  {\"\1\", (lt_ptr) 0},/p'\'' -e '\''s/^[BCDEGRST] \([^ ]*\) \([^ ]*\)$/  {"\2", (lt_ptr) \&\2},/p'\'''
lt_cv_sys_global_symbol_to_cdecl='sed -n -e '\''s/^. .* \(.*\)$/extern int \1;/p'\'''
lt_cv_sys_max_cmd_len=8192
lt_lt_cv_prog_compiler_c_o='"yes"'
lt_lt_cv_sys_global_symbol_pipe='"sed -n -e '\''s/^.*[ 	]\\([ABCDGIRSTW][ABCDGIRSTW]*\\)[ 	][ 	]*_\\([_A-Za-z][_A-Za-z0-9]*\\)\\{0,1\\}\$/\\1 _\\2 \\2/p'\''"'
lt_lt_cv_sys_global_symbol_to_c_name_address='"sed -n -e '\''s/^: \\([^ ]*\\) \$/  {\\\"\\1\\\", (lt_ptr) 0},/p'\'' -e '\''s/^[BCDEGRST] \\([^ ]*\\) \\([^ ]*\\)\$/  {\"\\2\", (lt_ptr) \\&\\2},/p'\''"'
lt_lt_cv_sys_global_symbol_to_cdecl='"sed -n -e '\''s/^. .* \\(.*\\)\$/extern int \\1;/p'\''"'

## ----------------- ##
## Output variables. ##
## ----------------- ##

ACLOCAL='${SHELL} /d/E/Projects/C++/acm3/ACME/trunk/ACMEWithTweaks/src/missing --run aclocal-1.11'
AMDEPBACKSLASH='\'
AMDEP_FALSE='#'
AMDEP_TRUE=''
AMTAR='${SHELL} /d/E/Projects/C++/acm3/ACME/trunk/ACMEWithTweaks/src/missing --run tar'
AR='ar'
AS='as'
AUTOCONF='${SHELL} /d/E/Projects/C++/acm3/ACME/trunk/ACMEWithTweaks/src/missing --run autoconf'
AUTOHEADER='${SHELL} /d/E/Projects/C++/acm3/ACME/trunk/ACMEWithTweaks/src/missing --run autoheader'
AUTOMAKE='${SHELL} /d/E/Projects/C++/acm3/ACME/trunk/ACMEWithTweaks/src/missing --run automake-1.11'
AWK='gawk'
BUILD_ACMEEXE_SHARED_FALSE=''
BUILD_ACMEEXE_SHARED_TRUE='#'
CC='gcc'
CCDEPMODE='depmode=gcc3'
CFLAGS='-g -O2'
CPP='gcc -E'
CPPFLAGS=''
CYGPATH_W='echo'
DEBUG_FALSE=''
DEBUG_TRUE='#'
DEFS='-DHAVE_CONFIG_H'
DEPDIR='.deps'
DLLTOOL='dlltool'
DSYMUTIL=''
ECHO='echo'
ECHO_C=''
ECHO_N='-n'
ECHO_T=''
EGREP='/bin/grep -E'
EXEEXT='.exe'
GREP='/bin/grep'
INSTALL_DATA='${INSTALL} -m 644'
INSTALL_PROGRAM='${INSTALL}'
INSTALL_SCRIPT='${INSTALL}'
INSTALL_STRIP_PROGRAM='$(install_sh) -c -s'
LDFLAGS=''
LIBOBJS=''
LIBS='-lm '
LIBTOOL='$(SHELL) $(top_builddir)/libtool'
LN_S='cp -p'
LTLIBOBJS=''
MAKEINFO='${SHELL} /d/E/Projects/C++/acm3/ACME/trunk/ACMEWithTweaks/src/missing --run makeinfo'
MKDIR_P='/bin/mkdir -p'
NMEDIT=''
OBJDUMP='objdump'
OBJEXT='o'
PACKAGE='acme'
PACKAGE_BUGREPORT=''
PACKAGE_NAME=''
PACKAGE_STRING=''
PACKAGE_TARNAME=''
PACKAGE_VERSION=''
PATH_SEPARATOR=':'
RANLIB='ranlib'
SED='/bin/sed'
SET_MAKE=''
SHELL='/bin/sh'
STRIP='strip'
SVN_BUILD_FALSE=''
SVN_BUILD_TRUE='#'
USE_DLLVERSIONHEADER_FALSE='#'
USE_DLLVERSIONHEADER_TRUE=''
VERSION='0.94'
WINDRES='windres'
ac_ct_CC='gcc'
am__EXEEXT_FALSE='#'
am__EXEEXT_TRUE=''
am__fastdepCC_FALSE='#'
am__fastdepCC_TRUE=''
am__include='include'
am__isrc=' -I$(srcdir)'
am__leading_dot='.'
am__quote=''
am__tar='${AMTAR} chof - "$$tardir"'
am__untar='${AMTAR} xf -'
bindir='${exec_prefix}/bin'
build='i686-pc-mingw32'
build_alias=''
build_cpu='i686'
build_os='mingw32'
build_vendor='pc'
datadir='${datarootdir}'
datarootdir='${prefix}/share'
docdir='${datarootdir}/doc/${PACKAGE}'
dvidir='${docdir}'
exec_prefix='${prefix}'
host='i686-pc-mingw32'
host_alias=''
host_cpu='i686'
host_os='mingw32'
host_vendor='pc'
htmldir='${docdir}'
includedir='${prefix}/include'
infodir='${datarootdir}/info'
install_sh='${SHELL} /d/E/Projects/C++/acm3/ACME/trunk/ACMEWithTweaks/src/install-sh'
libdir='${exec_prefix}/lib'
libexecdir='${exec_prefix}/libexec'
localedir='${datarootdir}/locale'
localstatedir='${prefix}/var'
lt_enable_auto_import='-Wl,--enable-auto-import'
mandir='${datarootdir}/man'
mkdir_p='/bin/mkdir -p'
oldincludedir='/usr/include'
pdfdir='${docdir}'
pg_use_mingw='-DMSYS'
pg_use_win='-D_WIN32'
prefix='/usr/local'
program_transform_name='s,x,x,'
psdir='${docdir}'
release_info='0.94.1'
sbindir='${exec_prefix}/sbin'
sharedstatedir='${prefix}/com'
sysconfdir='${prefix}/etc'
target_alias=''
version_info='1:94:1'

## ----------- ##
## confdefs.h. ##
## ----------- ##

#define PACKAGE_NAME ""
#define PACKAGE_TARNAME ""
#define PACKAGE_VERSION ""
#define PACKAGE_STRING ""
#define PACKAGE_BUGREPORT ""
#define PACKAGE "acme"
#define VERSION "0.94"
#define ACME_API "1:94:1"
#define ACME_RELEASE "0.94.1"
#define STDC_HEADERS 1
#define HAVE_SYS_TYPES_H 1
#define HAVE_SYS_STAT_H 1
#define HAVE_STDLIB_H 1
#define HAVE_STRING_H 1
#define HAVE_MEMORY_H 1
#define HAVE_STRINGS_H 1
#define HAVE_INTTYPES_H 1
#define HAVE_STDINT_H 1
#define HAVE_UNISTD_H 1
#define HAVE_FOPEN 1
#define HAVE_LIBM 1

configure: exit 0

## ---------------------- ##
## Running config.status. ##
## ---------------------- ##

This file was extended by config.status, which was
generated by GNU Autoconf 2.63.  Invocation command line was

  CONFIG_FILES    = 
  CONFIG_HEADERS  = 
  CONFIG_LINKS    = 
  CONFIG_COMMANDS = 
  $ ./config.status Makefile depfiles

on Pubsi

config.status:808: creating Makefile
config.status:1075: executing depfiles commands

## ---------------------- ##
## Running config.status. ##
## ---------------------- ##

This file was extended by config.status, which was
generated by GNU Autoconf 2.63.  Invocation command line was

  CONFIG_FILES    = 
  CONFIG_HEADERS  = 
  CONFIG_LINKS    = 
  CONFIG_COMMANDS = 
  $ ./config.status sysconfig.h

on Pubsi

config.status:808: creating sysconfig.h
